<?xml version="1.0" encoding="UTF-8"?>
<!-- Generated by org.testng.reporters.JUnitReportReporter -->
<testsuite hostname="TILLT07050" name="Testcases.HomepageTest" tests="1" failures="0" timestamp="23 Feb 2021 16:34:12 GMT" time="13.207" errors="0">
  <testcase name="cafeselectiontest" time="13.207" classname="Testcases.HomepageTest"/>
</testsuite> <!-- Testcases.HomepageTest -->
