<?xml version="1.0" encoding="UTF-8"?>
<!-- Generated by org.testng.reporters.JUnitReportReporter -->
<testsuite hostname="TILLT07050" name="Testcases.SelectIcedTeaTest" tests="1" failures="0" timestamp="5 Mar 2021 10:29:37 GMT" time="18.861" errors="0">
  <testcase name="AddAamPannaTest" time="18.861" classname="Testcases.SelectIcedTeaTest"/>
</testsuite> <!-- Testcases.SelectIcedTeaTest -->
