<?xml version="1.0" encoding="UTF-8"?>
<!-- Generated by org.testng.reporters.JUnitReportReporter -->
<testsuite hostname="TILLT07050" name="Testcases.SelectChaiTest" tests="1" failures="0" timestamp="27 Feb 2021 08:14:13 GMT" time="14.858" errors="0">
  <testcase name="AddcartTest" time="14.858" classname="Testcases.SelectChaiTest"/>
</testsuite> <!-- Testcases.SelectChaiTest -->
